Flow report for uart_tx
Thu Oct 15 16:20:19 2020
Quartus II 64-Bit Version 13.1.0 Build 162 10/23/2013 SJ Full Version


---------------------
; Table of Contents ;
---------------------
  1. Legal Notice
  2. Flow Summary
  3. Flow Settings
  4. Flow Non-Default Global Settings
  5. Flow Elapsed Time
  6. Flow OS Summary
  7. Flow Log
  8. Flow Messages
  9. Flow Suppressed Messages



----------------
; Legal Notice ;
----------------
Copyright (C) 1991-2013 Altera Corporation
Your use of Altera Corporation's design tools, logic functions 
and other software and tools, and its AMPP partner logic 
functions, and any output files from any of the foregoing 
(including device programming or simulation files), and any 
associated documentation or information are expressly subject 
to the terms and conditions of the Altera Program License 
Subscription Agreement, Altera MegaCore Function License 
Agreement, or other applicable license agreement, including, 
without limitation, that your use is for the sole purpose of 
programming logic devices manufactured by Altera and sold by 
Altera or its authorized distributors.  Please refer to the 
applicable agreement for further details.



+----------------------------------------------------------------------------------+
; Flow Summary                                                                     ;
+------------------------------------+---------------------------------------------+
; Flow Status                        ; Flow Failed - Thu Oct 15 16:20:19 2020      ;
; Quartus II 64-Bit Version          ; 13.1.0 Build 162 10/23/2013 SJ Full Version ;
; Revision Name                      ; uart_tx                                     ;
; Top-level Entity Name              ; sys_pll                                     ;
; Family                             ; Cyclone IV E                                ;
; Device                             ; EP4CE10F17C8                                ;
; Timing Models                      ; Final                                       ;
; Total logic elements               ; N/A until Partition Merge                   ;
;     Total combinational functions  ; N/A until Partition Merge                   ;
;     Dedicated logic registers      ; N/A until Partition Merge                   ;
; Total registers                    ; N/A until Partition Merge                   ;
; Total pins                         ; N/A until Partition Merge                   ;
; Total virtual pins                 ; N/A until Partition Merge                   ;
; Total memory bits                  ; N/A until Partition Merge                   ;
; Embedded Multiplier 9-bit elements ; N/A until Partition Merge                   ;
; Total PLLs                         ; N/A until Partition Merge                   ;
+------------------------------------+---------------------------------------------+


+-----------------------------------------+
; Flow Settings                           ;
+-------------------+---------------------+
; Option            ; Setting             ;
+-------------------+---------------------+
; Start date & time ; 10/15/2020 16:20:19 ;
; Main task         ; Compilation         ;
; Revision Name     ; uart_tx             ;
+-------------------+---------------------+


+------------------------------------------------------------------------------------------------------------------------------------------+
; Flow Non-Default Global Settings                                                                                                         ;
+--------------------------------------+---------------------------------------+---------------+--------------------------+----------------+
; Assignment Name                      ; Value                                 ; Default Value ; Entity Name              ; Section Id     ;
+--------------------------------------+---------------------------------------+---------------+--------------------------+----------------+
; COMPILER_SIGNATURE_ID                ; 10995770589199.160275001922908        ; --            ; --                       ; --             ;
; EDA_DESIGN_INSTANCE_NAME             ; NA                                    ; --            ; --                       ; uart_tx_tb     ;
; EDA_DESIGN_INSTANCE_NAME             ; NA                                    ; --            ; --                       ; sys_pll_tb     ;
; EDA_NATIVELINK_SIMULATION_TEST_BENCH ; sys_pll_tb                            ; --            ; --                       ; eda_simulation ;
; EDA_OUTPUT_DATA_FORMAT               ; Verilog Hdl                           ; --            ; --                       ; eda_simulation ;
; EDA_SIMULATION_TOOL                  ; ModelSim-Altera (Verilog)             ; <None>        ; --                       ; --             ;
; EDA_TEST_BENCH_ENABLE_STATUS         ; TEST_BENCH_MODE                       ; --            ; --                       ; eda_simulation ;
; EDA_TEST_BENCH_FILE                  ; ../testbench/uart_tx_tb.v             ; --            ; --                       ; uart_tx_tb     ;
; EDA_TEST_BENCH_FILE                  ; ../testbench/sys_pll_tb.v             ; --            ; --                       ; sys_pll_tb     ;
; EDA_TEST_BENCH_MODULE_NAME           ; uart_tx_tb                            ; --            ; --                       ; uart_tx_tb     ;
; EDA_TEST_BENCH_MODULE_NAME           ; sys_pll_tb                            ; --            ; --                       ; sys_pll_tb     ;
; EDA_TEST_BENCH_NAME                  ; uart_tx_tb                            ; --            ; --                       ; eda_simulation ;
; EDA_TEST_BENCH_NAME                  ; sys_pll_tb                            ; --            ; --                       ; eda_simulation ;
; EDA_TIME_SCALE                       ; 1 ps                                  ; --            ; --                       ; eda_simulation ;
; IP_TOOL_ENV                          ; mwpim                                 ; --            ; altera_soft_core_jtag_io ; --             ;
; IP_TOOL_ENV                          ; mwpim                                 ; --            ; soft_core_jtag_io        ; --             ;
; IP_TOOL_NAME                         ; In-System Sources and Probes          ; --            ; --                       ; --             ;
; IP_TOOL_NAME                         ; ALTPLL                                ; --            ; --                       ; --             ;
; IP_TOOL_NAME                         ; altera_soft_core_jtag_io              ; --            ; altera_soft_core_jtag_io ; --             ;
; IP_TOOL_NAME                         ; altera_soft_core_jtag_io              ; --            ; soft_core_jtag_io        ; --             ;
; IP_TOOL_VERSION                      ; 13.1                                  ; --            ; --                       ; --             ;
; IP_TOOL_VERSION                      ; 13.1                                  ; --            ; --                       ; --             ;
; IP_TOOL_VERSION                      ; 13.1                                  ; --            ; altera_soft_core_jtag_io ; --             ;
; IP_TOOL_VERSION                      ; 13.1                                  ; --            ; soft_core_jtag_io        ; --             ;
; MAX_CORE_JUNCTION_TEMP               ; 85                                    ; --            ; --                       ; --             ;
; MIN_CORE_JUNCTION_TEMP               ; 0                                     ; --            ; --                       ; --             ;
; MISC_FILE                            ; ip/Sources_Probes_bb.v                ; --            ; --                       ; --             ;
; MISC_FILE                            ; ip/soft_core_jtag_io.cmp              ; --            ; --                       ; --             ;
; MISC_FILE                            ; ip/sys_pll_bb.v                       ; --            ; --                       ; --             ;
; MISC_FILE                            ; ip/sys_pll.ppf                        ; --            ; --                       ; --             ;
; NOMINAL_CORE_SUPPLY_VOLTAGE          ; 1.2V                                  ; --            ; --                       ; --             ;
; PARTITION_COLOR                      ; 16764057                              ; --            ; sys_pll                  ; Top            ;
; PARTITION_FITTER_PRESERVATION_LEVEL  ; PLACEMENT_AND_ROUTING                 ; --            ; sys_pll                  ; Top            ;
; PARTITION_NETLIST_TYPE               ; SOURCE                                ; --            ; sys_pll                  ; Top            ;
; POWER_BOARD_THERMAL_MODEL            ; None (CONSERVATIVE)                   ; --            ; --                       ; --             ;
; POWER_PRESET_COOLING_SOLUTION        ; 23 MM HEAT SINK WITH 200 LFPM AIRFLOW ; --            ; --                       ; --             ;
; PROJECT_OUTPUT_DIRECTORY             ; output_files                          ; --            ; --                       ; --             ;
; SYNTHESIS_ONLY_QIP                   ; On                                    ; --            ; --                       ; --             ;
; TOP_LEVEL_ENTITY                     ; sys_pll                               ; uart_tx       ; --                       ; --             ;
+--------------------------------------+---------------------------------------+---------------+--------------------------+----------------+


+--------------------------------------------------------------------------------------------------------------------------+
; Flow Elapsed Time                                                                                                        ;
+----------------------+--------------+-------------------------+---------------------+------------------------------------+
; Module Name          ; Elapsed Time ; Average Processors Used ; Peak Virtual Memory ; Total CPU Time (on all processors) ;
+----------------------+--------------+-------------------------+---------------------+------------------------------------+
; Analysis & Synthesis ; 00:00:01     ; 1.0                     ; 4616 MB             ; 00:00:01                           ;
; Total                ; 00:00:01     ; --                      ; --                  ; 00:00:01                           ;
+----------------------+--------------+-------------------------+---------------------+------------------------------------+


+-----------------------------------------------------------------------------------+
; Flow OS Summary                                                                   ;
+----------------------+------------------+-----------+------------+----------------+
; Module Name          ; Machine Hostname ; OS Name   ; OS Version ; Processor type ;
+----------------------+------------------+-----------+------------+----------------+
; Analysis & Synthesis ; DESKTOP-N4A8FFQ  ; Windows 7 ; 6.2        ; x86_64         ;
+----------------------+------------------+-----------+------------+----------------+


------------
; Flow Log ;
------------
quartus_map --read_settings_files=on --write_settings_files=off uart_tx -c uart_tx



